mode: set
github.com/srnext/stytch-rbacpolicy-lambda/internal/config/config.go:14.36,21.39 2 1
github.com/srnext/stytch-rbacpolicy-lambda/internal/config/config.go:21.39,23.3 1 1
github.com/srnext/stytch-rbacpolicy-lambda/internal/config/config.go:25.2,25.17 1 1
github.com/srnext/stytch-rbacpolicy-lambda/internal/config/config.go:28.35,29.28 1 1
github.com/srnext/stytch-rbacpolicy-lambda/internal/config/config.go:29.28,31.3 1 1
github.com/srnext/stytch-rbacpolicy-lambda/internal/config/config.go:32.2,32.32 1 1
github.com/srnext/stytch-rbacpolicy-lambda/internal/config/config.go:32.32,34.3 1 1
github.com/srnext/stytch-rbacpolicy-lambda/internal/config/config.go:35.2,35.23 1 1
github.com/srnext/stytch-rbacpolicy-lambda/internal/config/config.go:35.23,37.3 1 1
github.com/srnext/stytch-rbacpolicy-lambda/internal/config/config.go:38.2,38.12 1 1
github.com/srnext/stytch-rbacpolicy-lambda/internal/handler/handler.go:25.89,31.2 1 1
github.com/srnext/stytch-rbacpolicy-lambda/internal/handler/handler.go:33.131,39.28 2 1
github.com/srnext/stytch-rbacpolicy-lambda/internal/handler/handler.go:40.22,41.26 1 1
github.com/srnext/stytch-rbacpolicy-lambda/internal/handler/handler.go:42.22,43.40 1 1
github.com/srnext/stytch-rbacpolicy-lambda/internal/handler/handler.go:44.23,45.40 1 1
github.com/srnext/stytch-rbacpolicy-lambda/internal/handler/handler.go:46.25,47.29 1 1
github.com/srnext/stytch-rbacpolicy-lambda/internal/handler/handler.go:48.10,49.76 1 1
github.com/srnext/stytch-rbacpolicy-lambda/internal/handler/handler.go:53.89,59.16 3 1
github.com/srnext/stytch-rbacpolicy-lambda/internal/handler/handler.go:59.16,62.3 2 1
github.com/srnext/stytch-rbacpolicy-lambda/internal/handler/handler.go:64.2,65.16 2 1
github.com/srnext/stytch-rbacpolicy-lambda/internal/handler/handler.go:65.16,68.3 2 0
github.com/srnext/stytch-rbacpolicy-lambda/internal/handler/handler.go:70.2,78.8 1 1
github.com/srnext/stytch-rbacpolicy-lambda/internal/handler/handler.go:81.102,83.62 2 1
github.com/srnext/stytch-rbacpolicy-lambda/internal/handler/handler.go:83.62,86.3 2 1
github.com/srnext/stytch-rbacpolicy-lambda/internal/handler/handler.go:88.2,94.16 3 1
github.com/srnext/stytch-rbacpolicy-lambda/internal/handler/handler.go:94.16,97.3 2 1
github.com/srnext/stytch-rbacpolicy-lambda/internal/handler/handler.go:99.2,100.16 2 1
github.com/srnext/stytch-rbacpolicy-lambda/internal/handler/handler.go:100.16,103.3 2 0
github.com/srnext/stytch-rbacpolicy-lambda/internal/handler/handler.go:105.2,113.8 1 1
github.com/srnext/stytch-rbacpolicy-lambda/internal/handler/handler.go:116.92,132.16 4 1
github.com/srnext/stytch-rbacpolicy-lambda/internal/handler/handler.go:132.16,135.3 2 1
github.com/srnext/stytch-rbacpolicy-lambda/internal/handler/handler.go:137.2,145.8 1 1
github.com/srnext/stytch-rbacpolicy-lambda/internal/handler/handler.go:148.104,164.2 3 1
github.com/srnext/stytch-rbacpolicy-lambda/cmd/lambda/main.go:15.13,17.16 2 0
github.com/srnext/stytch-rbacpolicy-lambda/cmd/lambda/main.go:17.16,20.3 2 0
github.com/srnext/stytch-rbacpolicy-lambda/cmd/lambda/main.go:21.2,21.15 1 0
github.com/srnext/stytch-rbacpolicy-lambda/cmd/lambda/main.go:21.15,23.3 1 0
github.com/srnext/stytch-rbacpolicy-lambda/cmd/lambda/main.go:25.2,28.16 3 0
github.com/srnext/stytch-rbacpolicy-lambda/cmd/lambda/main.go:28.16,30.3 1 0
github.com/srnext/stytch-rbacpolicy-lambda/cmd/lambda/main.go:32.2,36.64 3 0
github.com/srnext/stytch-rbacpolicy-lambda/cmd/lambda/main.go:39.40,41.25 2 1
github.com/srnext/stytch-rbacpolicy-lambda/cmd/lambda/main.go:41.25,43.3 1 1
github.com/srnext/stytch-rbacpolicy-lambda/cmd/lambda/main.go:44.2,44.29 1 1
